生成启动时间为 2017/5/15 23:15:01。
     1>项目“C:\Users\Administrator\Documents\Visual Studio 2013\Projects\DataStructure\DataStructure\DataStructure.vcxproj”在节点 2 上(Build 个目标)。
     1>ClCompile:
         C:\Program Files (x86)\Microsoft Visual Studio 12.0\VC\bin\CL.exe /c /ZI /nologo /W3 /WX- /sdl /Od /Oy- /D WIN32 /D _DEBUG /D _CONSOLE /D _LIB /D _UNICODE /D UNICODE /Gm /EHsc /RTC1 /MDd /GS /fp:precise /Zc:wchar_t /Zc:forScope /Yu"stdafx.h" /Fp"Debug\DataStructure.pch" /Fo"Debug\\" /Fd"Debug\vc120.pdb" /Gd /TP /analyze- /errorReport:prompt /D _CRT_SECURE_NO_WARNINGS DataStructure.cpp testAllClass.cpp
         DataStructure.cpp
         正在生成代码...
         正在编译...
         testAllClass.cpp
     1>c:\users\administrator\documents\visual studio 2013\projects\datastructure\datastructure\sort.h(263): warning C4101: “i”: 未引用的局部变量
                 c:\users\administrator\documents\visual studio 2013\projects\datastructure\datastructure\sort.h(262): 编译类 模板 成员函数“void Sort<int>::InsertForMerge(T [],int,int)”时
                 with
                 [
                     T=int
                 ]
                 c:\users\administrator\documents\visual studio 2013\projects\datastructure\datastructure\sort.h(277): 参见对正在编译的函数 模板 实例化“void Sort<int>::InsertForMerge(T [],int,int)”的引用
                 with
                 [
                     T=int
                 ]
                 c:\users\administrator\documents\visual studio 2013\projects\datastructure\datastructure\sort.h(199): 编译类 模板 成员函数“int Sort<int>::Partition(T [],int,int)”时
                 with
                 [
                     T=int
                 ]
                 c:\users\administrator\documents\visual studio 2013\projects\datastructure\datastructure\testallclass.cpp(563): 参见对正在编译的函数 模板 实例化“int Sort<int>::Partition(T [],int,int)”的引用
                 with
                 [
                     T=int
                 ]
                 c:\users\administrator\documents\visual studio 2013\projects\datastructure\datastructure\testallclass.cpp(503): 参见对正在编译的类 模板 实例化“Sort<int>”的引用
         正在生成代码...
       Link:
         C:\Program Files (x86)\Microsoft Visual Studio 12.0\VC\bin\link.exe /ERRORREPORT:PROMPT /OUT:"C:\Users\Administrator\Documents\Visual Studio 2013\Projects\DataStructure\Debug\DataStructure.exe" /INCREMENTAL /NOLOGO kernel32.lib user32.lib gdi32.lib winspool.lib comdlg32.lib advapi32.lib shell32.lib ole32.lib oleaut32.lib uuid.lib odbc32.lib odbccp32.lib /MANIFEST /MANIFESTUAC:"level='asInvoker' uiAccess='false'" /manifest:embed /DEBUG /PDB:"C:\Users\Administrator\Documents\Visual Studio 2013\Projects\DataStructure\Debug\DataStructure.pdb" /SUBSYSTEM:CONSOLE /TLBID:1 /DYNAMICBASE /NXCOMPAT /IMPLIB:"C:\Users\Administrator\Documents\Visual Studio 2013\Projects\DataStructure\Debug\DataStructure.lib" /MACHINE:X86 Debug\DataStructure.obj
         Debug\HuffmanTree.obj
         Debug\NaturalNumber.obj
         Debug\stdafx.obj
         Debug\testAllClass.obj
         DataStructure.vcxproj -> C:\Users\Administrator\Documents\Visual Studio 2013\Projects\DataStructure\Debug\DataStructure.exe
     1>已完成生成项目“C:\Users\Administrator\Documents\Visual Studio 2013\Projects\DataStructure\DataStructure\DataStructure.vcxproj”(Build 个目标)的操作。

生成成功。

已用时间 00:00:02.76
