c:\users\administrator\documents\visual studio 2013\projects\datastructure\datastructure\debug\datastructure.pch
c:\users\administrator\documents\visual studio 2013\projects\datastructure\datastructure\debug\vc120.pdb
c:\users\administrator\documents\visual studio 2013\projects\datastructure\datastructure\debug\vc120.idb
c:\users\administrator\documents\visual studio 2013\projects\datastructure\datastructure\debug\stdafx.obj
c:\users\administrator\documents\visual studio 2013\projects\datastructure\datastructure\debug\datastructure.obj
c:\users\administrator\documents\visual studio 2013\projects\datastructure\datastructure\debug\naturalnumber.obj
c:\users\administrator\documents\visual studio 2013\projects\datastructure\datastructure\debug\testallclass.obj
c:\users\administrator\documents\visual studio 2013\projects\datastructure\debug\datastructure.pdb
c:\users\administrator\documents\visual studio 2013\projects\datastructure\datastructure\debug\datastructure.tlog\cl.command.1.tlog
c:\users\administrator\documents\visual studio 2013\projects\datastructure\datastructure\debug\datastructure.tlog\cl.read.1.tlog
c:\users\administrator\documents\visual studio 2013\projects\datastructure\datastructure\debug\datastructure.tlog\cl.write.1.tlog
c:\users\administrator\documents\visual studio 2013\projects\datastructure\datastructure\debug\datastructure.tlog\link.7136-cvtres.read.1.tlog
c:\users\administrator\documents\visual studio 2013\projects\datastructure\datastructure\debug\datastructure.tlog\link.7136-cvtres.write.1.tlog
c:\users\administrator\documents\visual studio 2013\projects\datastructure\datastructure\debug\datastructure.tlog\link.7136-rc.read.1.tlog
c:\users\administrator\documents\visual studio 2013\projects\datastructure\datastructure\debug\datastructure.tlog\link.7136-rc.write.1.tlog
c:\users\administrator\documents\visual studio 2013\projects\datastructure\datastructure\debug\datastructure.tlog\link.7136.read.1.tlog
c:\users\administrator\documents\visual studio 2013\projects\datastructure\datastructure\debug\datastructure.tlog\link.7136.write.1.tlog
c:\users\administrator\documents\visual studio 2013\projects\datastructure\datastructure\debug\datastructure.tlog\link.command.1.tlog
c:\users\administrator\documents\visual studio 2013\projects\datastructure\datastructure\debug\datastructure.tlog\link.read.1.tlog
c:\users\administrator\documents\visual studio 2013\projects\datastructure\datastructure\debug\datastructure.tlog\link.write.1.tlog
